<?xml version="1.0" encoding="UTF-8"?>
<testng-results skipped="0" failed="0" total="1" passed="1">
  <reporter-output>
  </reporter-output>
  <suite name="com.nbos.selenium.kamran.AppTest" duration-ms="88" started-at="2016-07-19T12:42:51Z" finished-at="2016-07-19T12:42:51Z">
    <groups>
    </groups>
    <test name="Command line test" duration-ms="88" started-at="2016-07-19T12:42:51Z" finished-at="2016-07-19T12:42:51Z">
      <class name="com.nbos.selenium.kamran.AppTest">
        <test-method status="PASS" signature="test()[pri:0, instance:com.nbos.selenium.kamran.AppTest@12a312c6]" name="test" duration-ms="41" started-at="2016-07-19T18:12:51Z" finished-at="2016-07-19T18:12:51Z">
          <reporter-output>
          </reporter-output>
        </test-method> <!-- test -->
      </class> <!-- com.nbos.selenium.kamran.AppTest -->
    </test> <!-- Command line test -->
  </suite> <!-- com.nbos.selenium.kamran.AppTest -->
</testng-results>
